

	Журнал регистрации ошибок, импортирование файла F:\cad designs\Sapphire Plus\Sapphire Plus.STEP.

#123 115 Предупреждение: Тороидальная поверхность вырождена.
#176 446 Предупреждение: Тороидальная поверхность вырождена.
#201 319 Предупреждение: Тороидальная поверхность вырождена.
#203 455 Предупреждение: Тороидальная поверхность вырождена.
#208 876 Предупреждение: Тороидальная поверхность вырождена.
#364 333 Предупреждение: Тороидальная поверхность вырождена.
#389 777 Предупреждение: Тороидальная поверхность вырождена.
#400 758 Предупреждение: Тороидальная поверхность вырождена.
#561 780 Предупреждение: Тороидальная поверхность вырождена.
#616 520 Предупреждение: Тороидальная поверхность вырождена.
#616 536 Предупреждение: Тороидальная поверхность вырождена.
#629 066 Предупреждение: Тороидальная поверхность вырождена.
#640 752 Предупреждение: Тороидальная поверхность вырождена.
#697 695 Предупреждение: Тороидальная поверхность вырождена.
#712 352 Предупреждение: Тороидальная поверхность вырождена.
#747 802 Предупреждение: Тороидальная поверхность вырождена.
#752 457 Предупреждение: Тороидальная поверхность вырождена.
#802 829 Предупреждение: Тороидальная поверхность вырождена.
#915 069 Предупреждение: Тороидальная поверхность вырождена.
#1 000 363 Предупреждение: Тороидальная поверхность вырождена.
#1 005 911 Предупреждение: Тороидальная поверхность вырождена.
#1 043 968 Предупреждение: Тороидальная поверхность вырождена.
#1 056 575 Предупреждение: Тороидальная поверхность вырождена.
#1 087 319 Предупреждение: Тороидальная поверхность вырождена.
#1 355 778 Предупреждение: Тороидальная поверхность вырождена.
#1 389 530 Предупреждение: Тороидальная поверхность вырождена.
#1 389 779 Предупреждение: Тороидальная поверхность вырождена.
#1 391 977 Предупреждение: Тороидальная поверхность вырождена.
#1 409 939 Предупреждение: Тороидальная поверхность вырождена.
#1 492 005 Предупреждение: Тороидальная поверхность вырождена.
#1 495 233 Предупреждение: Тороидальная поверхность вырождена.
#138 994 Предупреждение: Исправлена параметризация кривой.
#1 299 112 Предупреждение: Исправлена параметризация кривой.
#574 636 Предупреждение: Исправлена параметризация кривой.
#277 658 Предупреждение: Исправлена параметризация кривой.
#986 851 Предупреждение: Исправлена параметризация кривой.
#599 784 Предупреждение: Исправлена параметризация кривой.
#1 243 873 Предупреждение: Исправлена параметризация кривой.
#1 283 338 Предупреждение: Исправлена параметризация кривой.
#759 545 Предупреждение: Исправлена параметризация кривой.
#133 205 Предупреждение: Исправлена параметризация кривой.
#1 265 773 Предупреждение: Исправлена параметризация кривой.
#180 509 Предупреждение: Исправлена параметризация кривой.
#1 135 308 Предупреждение: Исправлена параметризация кривой.
#334 615 Предупреждение: Исправлена параметризация кривой.
#488 714 Предупреждение: Исправлена параметризация кривой.
#631 216 Предупреждение: Исправлена параметризация кривой.
#866 024 Предупреждение: Исправлена параметризация кривой.
#699 794 Предупреждение: Исправлена параметризация кривой.
#1 223 265 Предупреждение: Исправлена параметризация кривой.
#332 595 Предупреждение: Исправлена параметризация кривой.
#1 369 896 Предупреждение: Исправлена параметризация кривой.
#245 363 Предупреждение: Исправлена параметризация кривой.
#492 949 Предупреждение: Исправлена параметризация кривой.
#560 230 Предупреждение: Исправлена параметризация кривой.
#1 220 054 Предупреждение: Исправлена параметризация кривой.
#1 506 391 Предупреждение: Исправлена параметризация кривой.
#86 973 Предупреждение: Исправлена параметризация кривой.
#869 606 Предупреждение: Исправлена параметризация кривой.
#9 524 Предупреждение: Исправлена параметризация кривой.
#1 558 816 Предупреждение: Исправлена параметризация кривой.
#1 006 590 Предупреждение: Исправлена параметризация кривой.
#1 413 363 Предупреждение: Исправлена параметризация кривой.
#89 369 Предупреждение: Исправлена параметризация кривой.
#543 490 Предупреждение: Исправлена параметризация кривой.
#1 059 324 Предупреждение: Исправлена параметризация кривой.
#943 257 Предупреждение: Исправлена параметризация кривой.
#334 905 Предупреждение: Исправлена параметризация кривой.
#495 600 Предупреждение: Исправлена параметризация кривой.
#507 902 Предупреждение: Исправлена параметризация кривой.
#542 952 Предупреждение: Исправлена параметризация кривой.
#1 110 168 Предупреждение: Исправлена параметризация кривой.
#1 182 991 Предупреждение: Исправлена параметризация кривой.
#333 681 Предупреждение: Исправлена параметризация кривой.
#1 234 410 Предупреждение: Исправлена параметризация кривой.
#79 714 Предупреждение: Исправлена параметризация кривой.
#1 232 944 Предупреждение: Исправлена параметризация кривой.
#871 593 Предупреждение: Исправлена параметризация кривой.
#824 033 Предупреждение: Исправлена параметризация кривой.
#515 683 Предупреждение: Исправлена параметризация кривой.
#1 121 020 Предупреждение: Исправлена параметризация кривой.
#1 279 784 Предупреждение: Исправлена параметризация кривой.
#1 328 050 Предупреждение: Исправлена параметризация кривой.
#29 635 Предупреждение: Исправлена параметризация кривой.
#478 519 Предупреждение: Исправлена параметризация кривой.
#372 346 Предупреждение: Исправлена параметризация кривой.
#1 506 986 Предупреждение: Исправлена параметризация кривой.
#1 529 991 Предупреждение: Исправлена параметризация кривой.
#1 152 298 Предупреждение: Исправлена параметризация кривой.
#1 340 023 Предупреждение: Исправлена параметризация кривой.
#402 922 Предупреждение: Исправлена параметризация кривой.
#1 366 644 Предупреждение: Исправлена параметризация кривой.
#1 036 524 Предупреждение: Исправлена параметризация кривой.
#704 578 Предупреждение: Исправлена параметризация кривой.
#272 599 Предупреждение: Исправлена параметризация кривой.
#1 197 234 Предупреждение: Исправлена параметризация кривой.
#514 335 Предупреждение: Исправлена параметризация кривой.
#1 025 120 Предупреждение: Исправлена параметризация кривой.
#669 898 Предупреждение: Исправлена параметризация кривой.
#687 917 Предупреждение: Исправлена параметризация кривой.
#1 411 936 Предупреждение: Исправлена параметризация кривой.
#1 393 799 Предупреждение: Исправлена параметризация кривой.
#1 389 087 Предупреждение: Исправлена параметризация кривой.
#513 601 Предупреждение: Исправлена параметризация кривой.
#1 001 642 Предупреждение: Исправлена параметризация кривой.
#150 919 Предупреждение: Исправлена параметризация кривой.
#457 852 Предупреждение: Исправлена параметризация кривой.
#1 248 637 Предупреждение: Исправлена параметризация кривой.
#708 793 Предупреждение: Исправлена параметризация кривой.
#127 165 Предупреждение: Исправлена параметризация кривой.
#1 554 855 Предупреждение: Исправлена параметризация кривой.
#802 017 Предупреждение: Исправлена параметризация кривой.
#1 534 805 Предупреждение: Исправлена параметризация кривой.
#1 518 077 Предупреждение: Исправлена параметризация кривой.
#1 177 104 Предупреждение: Исправлена параметризация кривой.
#1 393 888 Предупреждение: Исправлена параметризация кривой.
#1 436 284 Предупреждение: Исправлена параметризация кривой.
#371 809 Предупреждение: Исправлена параметризация кривой.
#318 728 Предупреждение: Исправлена параметризация кривой.
#49 953 Предупреждение: Исправлена параметризация кривой.
#938 067 Предупреждение: Исправлена параметризация кривой.
#1 136 349 Предупреждение: Исправлена параметризация кривой.
#119 516 Предупреждение: Исправлена параметризация кривой.
#1 439 525 Предупреждение: Исправлена параметризация кривой.
#1 341 533 Предупреждение: Исправлена параметризация кривой.
#126 942 Предупреждение: Исправлена параметризация кривой.
#447 791 Предупреждение: Исправлена параметризация кривой.
#372 786 Предупреждение: Исправлена параметризация кривой.
#946 097 Предупреждение: Исправлена параметризация кривой.
#959 032 Предупреждение: Исправлена параметризация кривой.
#1 525 138 Предупреждение: Исправлена параметризация кривой.
#104 004 Предупреждение: Исправлена параметризация кривой.
#1 546 002 Предупреждение: Исправлена параметризация кривой.
#1 430 615 Предупреждение: Исправлена параметризация кривой.
#612 921 Предупреждение: Исправлена параметризация кривой.
#158 061 Предупреждение: Исправлена параметризация кривой.
#495 093 Предупреждение: Исправлена параметризация кривой.
#820 842 Предупреждение: Исправлена параметризация кривой.
#1 520 303 Предупреждение: Исправлена параметризация кривой.
#389 325 Предупреждение: Исправлена параметризация кривой.
#1 565 775 Предупреждение: Исправлена параметризация кривой.
#601 460 Предупреждение: Исправлена параметризация кривой.
#924 772 Предупреждение: Исправлена параметризация кривой.
#194 318 Предупреждение: Исправлена параметризация кривой.
#770 307 Предупреждение: Исправлена параметризация кривой.
#1 313 826 Предупреждение: Исправлена параметризация кривой.
#1 436 567 Предупреждение: Исправлена параметризация кривой.
#774 119 Предупреждение: Исправлена параметризация кривой.
#689 020 Предупреждение: Исправлена параметризация кривой.
#171 540 Предупреждение: Исправлена параметризация кривой.
#82 509 Предупреждение: Исправлена параметризация кривой.
#1 432 131 Предупреждение: Исправлена параметризация кривой.
#493 534 Предупреждение: Исправлена параметризация кривой.
#140 208 Предупреждение: Исправлена параметризация кривой.
#843 101 Предупреждение: Исправлена параметризация кривой.
#1 176 986 Предупреждение: Исправлена параметризация кривой.
#1 135 248 Предупреждение: Исправлена параметризация кривой.
#142 305 Предупреждение: Исправлена параметризация кривой.
#659 527 Предупреждение: Исправлена параметризация кривой.
#769 585 Предупреждение: Исправлена параметризация кривой.
#1 221 197 Предупреждение: Исправлена параметризация кривой.
#981 482 Предупреждение: Исправлена параметризация кривой.
#571 979 Предупреждение: Исправлена параметризация кривой.
#460 805 Предупреждение: Исправлена параметризация кривой.
#561 809 Предупреждение: Исправлена параметризация кривой.
#70 216 Предупреждение: Исправлена параметризация кривой.
#937 872 Предупреждение: Исправлена параметризация кривой.
#510 341 Предупреждение: Исправлена параметризация кривой.
#197 603 Предупреждение: Исправлена параметризация кривой.
#1 056 338 Предупреждение: Исправлена параметризация кривой.
#816 452 Предупреждение: Исправлена параметризация кривой.
#711 620 Предупреждение: Исправлена параметризация кривой.
#1 564 566 Предупреждение: Исправлена параметризация кривой.
#613 028 Предупреждение: Исправлена параметризация кривой.
#1 045 216 Предупреждение: Исправлена параметризация кривой.
#1 121 141 Предупреждение: Исправлена параметризация кривой.
#960 645 Предупреждение: Исправлена параметризация кривой.
#1 188 476 Предупреждение: Исправлена параметризация кривой.
#1 083 740 Предупреждение: Исправлена параметризация кривой.
#1 094 039 Предупреждение: Исправлена параметризация кривой.
#1 051 090 Предупреждение: Исправлена параметризация кривой.
#562 409 Предупреждение: Исправлена параметризация кривой.
#655 485 Предупреждение: Исправлена параметризация кривой.
#735 073 Предупреждение: Исправлена параметризация кривой.
#1 550 329 Предупреждение: Исправлена параметризация кривой.
#128 581 Предупреждение: Исправлена параметризация кривой.
#183 386 Предупреждение: Исправлена параметризация кривой.
#917 696 Предупреждение: Исправлена параметризация кривой.
#937 589 Предупреждение: Исправлена параметризация кривой.
#493 102 Предупреждение: Исправлена параметризация кривой.
#316 100 Предупреждение: Исправлена параметризация кривой.
#474 695 Предупреждение: Исправлена параметризация кривой.
#1 473 607 Предупреждение: Исправлена параметризация кривой.
#1 441 304 Предупреждение: Исправлена параметризация кривой.
#194 048 Предупреждение: Исправлена параметризация кривой.
#186 722 Предупреждение: Исправлена параметризация кривой.
#1 549 179 Предупреждение: Исправлена параметризация кривой.
#149 598 Предупреждение: Исправлена параметризация кривой.
#326 996 Предупреждение: Исправлена параметризация кривой.
#1 043 307 Предупреждение: Исправлена параметризация кривой.
#960 292 Предупреждение: Исправлена параметризация кривой.
#212 464 Предупреждение: Исправлена параметризация кривой.
#898 611 Предупреждение: Исправлена параметризация кривой.
#715 183 Предупреждение: Исправлена параметризация кривой.
#1 070 066 Предупреждение: Исправлена параметризация кривой.
#43 897 Предупреждение: Исправлена параметризация кривой.
#848 175 Предупреждение: Исправлена параметризация кривой.
#761 802 Предупреждение: Исправлена параметризация кривой.
#1 249 731 Предупреждение: Исправлена параметризация кривой.
#779 144 Предупреждение: Исправлена параметризация кривой.
#1 299 642 Предупреждение: Исправлена параметризация кривой.
#140 387 Предупреждение: Исправлена параметризация кривой.
#1 150 853 Предупреждение: Исправлена параметризация кривой.
#1 567 283 Предупреждение: Исправлена параметризация кривой.
#729 173 Предупреждение: Исправлена параметризация кривой.
#462 050 Предупреждение: Исправлена параметризация кривой.
#178 765 Предупреждение: Исправлена параметризация кривой.
#382 589 Предупреждение: Исправлена параметризация кривой.
#124 155 Предупреждение: Исправлена параметризация кривой.
#784 453 Предупреждение: Исправлена параметризация кривой.
#347 565 Предупреждение: Исправлена параметризация кривой.
#741 797 Предупреждение: Исправлена параметризация кривой.
#625 367 Предупреждение: Исправлена параметризация кривой.
#888 862 Предупреждение: Исправлена параметризация кривой.
#1 299 790 Предупреждение: Исправлена параметризация кривой.
#1 341 908 Предупреждение: Исправлена параметризация кривой.
#31 901 Предупреждение: Исправлена параметризация кривой.
#889 103 Предупреждение: Исправлена параметризация кривой.
#53 457 Предупреждение: Исправлена параметризация кривой.
#845 102 Предупреждение: Исправлена параметризация кривой.
#155 770 Предупреждение: Исправлена параметризация кривой.
#460 559 Предупреждение: Исправлена параметризация кривой.
#1 382 885 Предупреждение: Исправлена параметризация кривой.
#33 542 Предупреждение: Исправлена параметризация кривой.
#507 378 Предупреждение: Исправлена параметризация кривой.
#718 824 Предупреждение: Исправлена параметризация кривой.
#874 466 Предупреждение: Исправлена параметризация кривой.
#425 650 Предупреждение: Исправлена параметризация кривой.
#1 117 942 Предупреждение: Исправлена параметризация кривой.
#1 301 975 Предупреждение: Исправлена параметризация кривой.
#51 803 Предупреждение: Исправлена параметризация кривой.
#119 144 Предупреждение: Исправлена параметризация кривой.
#35 921 Предупреждение: Исправлена параметризация кривой.
#1 490 819 Предупреждение: Исправлена параметризация кривой.
#464 166 Предупреждение: Исправлена параметризация кривой.
#1 150 645 Предупреждение: Исправлена параметризация кривой.
#812 254 Предупреждение: Исправлена параметризация кривой.
#105 803 Предупреждение: Исправлена параметризация кривой.
#1 150 855 Предупреждение: Исправлена параметризация кривой.
#1 339 974 Предупреждение: Исправлена параметризация кривой.
#1 034 525 Предупреждение: Исправлена параметризация кривой.
#750 399 Предупреждение: Исправлена параметризация кривой.
#52 768 Предупреждение: Исправлена параметризация кривой.
#252 694 Предупреждение: Исправлена параметризация кривой.
#271 502 Предупреждение: Исправлена параметризация кривой.
#247 904 Предупреждение: Исправлена параметризация кривой.
#1 401 691 Предупреждение: Исправлена параметризация кривой.
#752 146 Предупреждение: Исправлена параметризация кривой.
#748 480 Предупреждение: Исправлена параметризация кривой.
#336 220 Предупреждение: Исправлена параметризация кривой.
#199 602 Предупреждение: Исправлена параметризация кривой.
#435 158 Предупреждение: Исправлена параметризация кривой.
#618 887 Предупреждение: Исправлена параметризация кривой.
#397 983 Предупреждение: Исправлена параметризация кривой.
#478 749 Предупреждение: Исправлена параметризация кривой.
#354 005 Предупреждение: Исправлена параметризация кривой.
#1 120 896 Предупреждение: Исправлена параметризация кривой.
#1 104 382 Предупреждение: Исправлена параметризация кривой.
#1 015 894 Предупреждение: Исправлена параметризация кривой.
#299 968 Предупреждение: Исправлена параметризация кривой.
#937 468 Предупреждение: Исправлена параметризация кривой.
#1 396 520 Предупреждение: Исправлена параметризация кривой.
#1 568 652 Предупреждение: Исправлена параметризация кривой.
#1 188 352 Предупреждение: Исправлена параметризация кривой.
#544 679 Предупреждение: Исправлена параметризация кривой.
#57 318 Предупреждение: Исправлена параметризация кривой.
#297 794 Предупреждение: Исправлена параметризация кривой.
#1 121 219 Предупреждение: Исправлена параметризация кривой.
#1 380 188 Предупреждение: Исправлена параметризация кривой.
#500 363 Предупреждение: Исправлена параметризация кривой.
#779 872 Предупреждение: Исправлена параметризация кривой.
#107 301 Предупреждение: Исправлена параметризация кривой.
#73 464 Предупреждение: Исправлена параметризация кривой.
#860 489 Предупреждение: Исправлена параметризация кривой.
#426 868 Предупреждение: Исправлена параметризация кривой.
#305 087 Предупреждение: Исправлена параметризация кривой.
#1 410 283 Предупреждение: Исправлена параметризация кривой.
#465 166 Предупреждение: Исправлена параметризация кривой.
#561 050 Предупреждение: Исправлена параметризация кривой.
#1 033 049 Предупреждение: Исправлена параметризация кривой.
#372 600 Предупреждение: Исправлена параметризация кривой.
#1 378 754 Предупреждение: Исправлена параметризация кривой.
#497 935 Предупреждение: Исправлена параметризация кривой.
#323 300 Предупреждение: Исправлена параметризация кривой.
#1 019 916 Предупреждение: Исправлена параметризация кривой.
#1 200 191 Предупреждение: Исправлена параметризация кривой.
#237 903 Предупреждение: Исправлена параметризация кривой.
#563 652 Предупреждение: Исправлена параметризация кривой.
#460 538 Предупреждение: Исправлена параметризация кривой.
#884 921 Предупреждение: Исправлена параметризация кривой.
#800 127 Предупреждение: Исправлена параметризация кривой.
#583 755 Предупреждение: Исправлена параметризация кривой.
#516 897 Предупреждение: Исправлена параметризация кривой.
#570 278 Предупреждение: Исправлена параметризация кривой.
#943 971 Предупреждение: Исправлена параметризация кривой.
#1 163 400 Предупреждение: Исправлена параметризация кривой.
#213 809 Предупреждение: Исправлена параметризация кривой.
#876 922 Предупреждение: Исправлена параметризация кривой.
#1 318 893 Предупреждение: Исправлена параметризация кривой.
#1 467 970 Предупреждение: Исправлена параметризация кривой.
#1 307 832 Предупреждение: Исправлена параметризация кривой.
#670 837 Предупреждение: Исправлена параметризация кривой.
#1 312 422 Предупреждение: Исправлена параметризация кривой.
#20 627 Предупреждение: Исправлена параметризация кривой.
#1 550 998 Предупреждение: Исправлена параметризация кривой.
#250 867 Предупреждение: Исправлена параметризация кривой.
#469 399 Предупреждение: Исправлена параметризация кривой.
#908 521 Предупреждение: Исправлена параметризация кривой.
#1 219 452 Предупреждение: Исправлена параметризация кривой.
#1 408 500 Предупреждение: Исправлена параметризация кривой.
#44 666 Предупреждение: Исправлена параметризация кривой.
#497 567 Предупреждение: Исправлена параметризация кривой.
#1 017 071 Предупреждение: Исправлена параметризация кривой.
#1 296 992 Предупреждение: Исправлена параметризация кривой.
#507 020 Предупреждение: Исправлена параметризация кривой.
#940 152 Предупреждение: Исправлена параметризация кривой.
#851 119 Предупреждение: Исправлена параметризация кривой.
#230 078 Предупреждение: Исправлена параметризация кривой.
#231 527 Предупреждение: Исправлена параметризация кривой.
#483 669 Предупреждение: Исправлена параметризация кривой.
#529 398 Предупреждение: Исправлена параметризация кривой.
#795 720 Предупреждение: Исправлена параметризация кривой.
#1 180 765 Предупреждение: Исправлена параметризация кривой.
#560 811 Предупреждение: Исправлена параметризация кривой.
#268 853 Предупреждение: Исправлена параметризация кривой.
#201 567 Предупреждение: Исправлена параметризация кривой.
#1 049 109 Предупреждение: Исправлена параметризация кривой.
#1 447 030 Предупреждение: Исправлена параметризация кривой.
#469 297 Предупреждение: Исправлена параметризация кривой.
#358 389 Предупреждение: Исправлена параметризация кривой.
#487 807 Предупреждение: Исправлена параметризация кривой.
#1 035 193 Предупреждение: Исправлена параметризация кривой.
#124 093 Предупреждение: Исправлена параметризация кривой.
#697 928 Предупреждение: Исправлена параметризация кривой.
#1 483 882 Предупреждение: Исправлена параметризация кривой.
#1 200 610 Предупреждение: Исправлена параметризация кривой.
#29 484 Предупреждение: Исправлена параметризация кривой.
#368 763 Предупреждение: Исправлена параметризация кривой.
#1 028 561 Предупреждение: Исправлена параметризация кривой.
#1 142 340 Предупреждение: Исправлена параметризация кривой.
#1 156 626 Предупреждение: Исправлена параметризация кривой.
#537 086 Предупреждение: Исправлена параметризация кривой.
#676 653 Предупреждение: Исправлена параметризация кривой.
#1 220 565 Предупреждение: Исправлена параметризация кривой.
#1 227 329 Предупреждение: Исправлена параметризация кривой.
#1 251 522 Предупреждение: Исправлена параметризация кривой.
#1 474 451 Предупреждение: Исправлена параметризация кривой.
#103 306 Предупреждение: Исправлена параметризация кривой.
#1 273 538 Предупреждение: Исправлена параметризация кривой.
#228 571 Предупреждение: Исправлена параметризация кривой.
#109 960 Предупреждение: Исправлена параметризация кривой.
#1 285 174 Предупреждение: Исправлена параметризация кривой.
#511 294 Предупреждение: Исправлена параметризация кривой.
#1 120 142 Предупреждение: Исправлена параметризация кривой.
#472 944 Предупреждение: Исправлена параметризация кривой.
#264 932 Предупреждение: Исправлена параметризация кривой.
#559 553 Предупреждение: Исправлена параметризация кривой.
#1 038 543 Предупреждение: Исправлена параметризация кривой.
#1 284 534 Предупреждение: Исправлена параметризация кривой.
#713 953 Предупреждение: Исправлена параметризация кривой.
#554 829 Предупреждение: Исправлена параметризация кривой.
#697 287 Предупреждение: Исправлена параметризация кривой.
#1 245 549 Предупреждение: Исправлена параметризация кривой.
#266 190 Предупреждение: Исправлена параметризация кривой.
#502 Предупреждение: Исправлена параметризация кривой.
#1 035 076 Предупреждение: Исправлена параметризация кривой.
#343 462 Предупреждение: Исправлена параметризация кривой.
#845 885 Предупреждение: Исправлена параметризация кривой.
#598 206 Предупреждение: Исправлена параметризация кривой.
#191 331 Предупреждение: Исправлена параметризация кривой.
#792 542 Предупреждение: Исправлена параметризация кривой.
#285 384 Предупреждение: Исправлена параметризация кривой.
#690 811 Предупреждение: Исправлена параметризация кривой.
#1 290 221 Предупреждение: Исправлена параметризация кривой.
#1 013 925 Предупреждение: Исправлена параметризация кривой.
#111 161 Предупреждение: Исправлена параметризация кривой.
#172 449 Предупреждение: Исправлена параметризация кривой.
#860 901 Предупреждение: Исправлена параметризация кривой.
#1 198 385 Предупреждение: Исправлена параметризация кривой.
#544 590 Предупреждение: Исправлена параметризация кривой.
#757 606 Предупреждение: Исправлена параметризация кривой.
#1 505 068 Предупреждение: Исправлена параметризация кривой.
#256 367 Предупреждение: Исправлена параметризация кривой.
#1 051 149 Предупреждение: Исправлена параметризация кривой.
#1 156 880 Предупреждение: Исправлена параметризация кривой.
#815 388 Предупреждение: Исправлена параметризация кривой.
#1 549 278 Предупреждение: Исправлена параметризация кривой.
#1 098 192 Предупреждение: Исправлена параметризация кривой.
#869 074 Предупреждение: Исправлена параметризация кривой.
#168 944 Предупреждение: Исправлена параметризация кривой.
#137 762 Предупреждение: Исправлена параметризация кривой.
#992 910 Предупреждение: Исправлена параметризация кривой.
#1 212 796 Предупреждение: Исправлена параметризация кривой.
#1 140 856 Предупреждение: Исправлена параметризация кривой.
#755 530 Предупреждение: Исправлена параметризация кривой.
#35 467 Предупреждение: Исправлена параметризация кривой.
#1 279 120 Предупреждение: Исправлена параметризация кривой.
#42 848 Предупреждение: Исправлена параметризация кривой.
#628 578 Предупреждение: Исправлена параметризация кривой.
#559 327 Предупреждение: Исправлена параметризация кривой.
#1 440 583 Предупреждение: Исправлена параметризация кривой.
#1 320 421 Предупреждение: Исправлена параметризация кривой.
#460 843 Предупреждение: Исправлена параметризация кривой.
#1 073 839 Предупреждение: Исправлена параметризация кривой.
#191 780 Предупреждение: Исправлена параметризация кривой.
#223 323 Предупреждение: Исправлена параметризация кривой.
#912 773 Предупреждение: Исправлена параметризация кривой.
#770 814 Предупреждение: Исправлена параметризация кривой.
#133 267 Предупреждение: Исправлена параметризация кривой.
#1 003 542 Предупреждение: Исправлена параметризация кривой.
#1 255 890 Предупреждение: Исправлена параметризация кривой.
#464 527 Предупреждение: Исправлена параметризация кривой.
#777 689 Предупреждение: Исправлена параметризация кривой.
#1 217 561 Предупреждение: Исправлена параметризация кривой.
#1 111 290 Предупреждение: Исправлена параметризация кривой.
#152 108 Предупреждение: Исправлена параметризация кривой.
#1 453 040 Предупреждение: Исправлена параметризация кривой.
#968 442 Предупреждение: Исправлена параметризация кривой.
#197 631 Предупреждение: Исправлена параметризация кривой.
#232 971 Предупреждение: Исправлена параметризация кривой.
#1 473 624 Предупреждение: Исправлена параметризация кривой.
#76 519 Предупреждение: Исправлена параметризация кривой.
#442 222 Предупреждение: Исправлена параметризация кривой.
#902 046 Предупреждение: Исправлена параметризация кривой.
#1 504 125 Предупреждение: Исправлена параметризация кривой.
#1 432 357 Предупреждение: Исправлена параметризация кривой.
#1 024 588 Предупреждение: Исправлена параметризация кривой.
#1 084 958 Предупреждение: Исправлена параметризация кривой.
#1 467 017 Предупреждение: Исправлена параметризация кривой.
#1 042 603 Предупреждение: Исправлена параметризация кривой.
#160 760 Предупреждение: Исправлена параметризация кривой.
#1 412 705 Предупреждение: Исправлена параметризация кривой.
#28 925 Предупреждение: Исправлена параметризация кривой.
#1 124 388 Предупреждение: Исправлена параметризация кривой.
#1 394 171 Предупреждение: Исправлена параметризация кривой.
#82 593 Предупреждение: Исправлена параметризация кривой.
#801 540 Предупреждение: Исправлена параметризация кривой.
#604 337 Предупреждение: Исправлена параметризация кривой.
#98 132 Предупреждение: Исправлена параметризация кривой.
#1 249 988 Предупреждение: Исправлена параметризация кривой.
#956 726 Предупреждение: Исправлена параметризация кривой.
#1 120 692 Предупреждение: Исправлена параметризация кривой.
#194 982 Предупреждение: Исправлена параметризация кривой.
#407 781 Предупреждение: Исправлена параметризация кривой.
#709 759 Предупреждение: Исправлена параметризация кривой.
#939 089 Предупреждение: Исправлена параметризация кривой.
#1 002 790 Предупреждение: Исправлена параметризация кривой.
#104 097 Предупреждение: Исправлена параметризация кривой.
#25 779 Предупреждение: Исправлена параметризация кривой.
#198 556 Предупреждение: Исправлена параметризация кривой.
#991 061 Предупреждение: Исправлена параметризация кривой.
#724 897 Предупреждение: Исправлена параметризация кривой.
#884 413 Предупреждение: Исправлена параметризация кривой.
#1 275 477 Предупреждение: Исправлена параметризация кривой.
#1 020 151 Предупреждение: Исправлена параметризация кривой.
#58 046 Предупреждение: Исправлена параметризация кривой.
#788 324 Предупреждение: Исправлена параметризация кривой.
#1 333 562 Предупреждение: Исправлена параметризация кривой.
#724 384 Предупреждение: Исправлена параметризация кривой.
#741 873 Предупреждение: Исправлена параметризация кривой.
#176 576 Предупреждение: Исправлена параметризация кривой.
#339 563 Предупреждение: Исправлена параметризация кривой.
#222 084 Предупреждение: Исправлена параметризация кривой.
#114 925 Предупреждение: Исправлена параметризация кривой.
#958 894 Предупреждение: Исправлена параметризация кривой.
#424 354 Предупреждение: Исправлена параметризация кривой.
#1 173 995 Предупреждение: Исправлена параметризация кривой.
#796 425 Предупреждение: Исправлена параметризация кривой.
#849 583 Предупреждение: Исправлена параметризация кривой.
#1 232 355 Предупреждение: Исправлена параметризация кривой.
#74 698 Предупреждение: Исправлена параметризация кривой.
#323 701 Предупреждение: Исправлена параметризация кривой.
#367 169 Предупреждение: Исправлена параметризация кривой.
#687 769 Предупреждение: Исправлена параметризация кривой.
#1 043 930 Предупреждение: Исправлена параметризация кривой.
#867 580 Предупреждение: Исправлена параметризация кривой.
#74 515 Предупреждение: Исправлена параметризация кривой.
#384 629 Предупреждение: Исправлена параметризация кривой.
#225 924 Предупреждение: Исправлена параметризация кривой.
#1 133 940 Предупреждение: Исправлена параметризация кривой.
#1 086 875 Предупреждение: Исправлена параметризация кривой.
#979 351 Предупреждение: Исправлена параметризация кривой.
#273 603 Предупреждение: Исправлена параметризация кривой.
#405 448 Предупреждение: Исправлена параметризация кривой.
#1 463 985 Предупреждение: Исправлена параметризация кривой.
#830 598 Предупреждение: Исправлена параметризация кривой.
#1 425 088 Предупреждение: Исправлена параметризация кривой.
